   1              	 .syntax unified
   2              	 .cpu cortex-m4
   3              	 .eabi_attribute 27,3
   4              	 .fpu fpv4-sp-d16
   5              	 .eabi_attribute 20,1
   6              	 .eabi_attribute 21,1
   7              	 .eabi_attribute 23,3
   8              	 .eabi_attribute 24,1
   9              	 .eabi_attribute 25,1
  10              	 .eabi_attribute 26,1
  11              	 .eabi_attribute 30,4
  12              	 .eabi_attribute 34,1
  13              	 .eabi_attribute 18,4
  14              	 .thumb
  15              	 .file "adc_measurement_conf.c"
  16              	 .text
  17              	.Ltext0:
  18              	 .cfi_sections .debug_frame
  19              	 .global ADC_MEASUREMENT_0
  20              	 .global backgnd_config
  21              	 .global ADC_MEASUREMENT_channel_array
  22              	 .global ADC_MEASUREMENT_Channel_A_handle
  23              	 .global Channel_A_res_config
  24              	 .global Channel_A_ch_config
  25              	 .global global_iclass_config
  26              	 .section .data.ADC_MEASUREMENT_0,"aw",%progbits
  27              	 .align 2
  30              	ADC_MEASUREMENT_0:
  31 0000 00000000 	 .word ADC_MEASUREMENT_channel_array
  32 0004 00000000 	 .word backgnd_config
  33 0008 00000000 	 .word global_iclass_config
  34 000c 00000000 	 .word GLOBAL_ADC_0
  35 0010 00000000 	 .word 0
  36 0014 00000000 	 .word 0
  37 0018 02       	 .byte 2
  38 0019 04       	 .byte 4
  39 001a 01       	 .byte 1
  40 001b 00       	 .space 1
  41              	 .section .rodata.backgnd_config,"a",%progbits
  42              	 .align 2
  45              	backgnd_config:
  46 0000 05       	 .byte 5
  47 0001 000000   	 .space 3
  48 0004 00       	 .space 1
  49 0005 00       	 .byte 0
  50 0006 00       	 .byte 0
  51 0007 00       	 .byte 0
  52 0008 00       	 .byte 0
  53 0009 000000   	 .space 3
  54              	 .section .bss.Channel_A_res_config,"aw",%nobits
  55              	 .align 2
  58              	Channel_A_res_config:
  59 0000 00000000 	 .space 4
  60              	 .section .data.ADC_MEASUREMENT_Channel_A_handle,"aw",%progbits
  61              	 .align 2
  64              	ADC_MEASUREMENT_Channel_A_handle:
  65 0000 00000000 	 .word Channel_A_ch_config
  66 0004 00000000 	 .word Channel_A_res_config
  67 0008 004C0040 	 .word 1073761280
  68 000c 02       	 .byte 2
  69 000d 03       	 .byte 3
  70 000e 0000     	 .space 2
  71              	 .section .rodata.global_iclass_config,"a",%progbits
  72              	 .align 2
  75              	global_iclass_config:
  76 0000 00000000 	 .space 4
  77              	 .section .data.Channel_A_ch_config,"aw",%progbits
  78              	 .align 2
  81              	Channel_A_ch_config:
  82 0000 02       	 .byte 2
  83 0001 00       	 .byte 0
  84 0002 20       	 .byte 32
  85 0003 00       	 .byte 0
  86 0004 00000000 	 .word 0
  87 0008 00       	 .byte 0
  88 0009 FF       	 .byte -1
  89 000a 0000     	 .space 2
  90              	 .section .data.ADC_MEASUREMENT_channel_array,"aw",%progbits
  91              	 .align 2
  94              	ADC_MEASUREMENT_channel_array:
  95 0000 00000000 	 .word ADC_MEASUREMENT_Channel_A_handle
  96              	 .text
  97              	.Letext0:
  98              	 .file 1 "c:\\program files\\dave_4\\dave-ide-4.4.2-64bit\\eclipse\\arm-gcc-49\\arm-none-eabi\\include\\machine\\_default_types.h"
  99              	 .file 2 "c:\\program files\\dave_4\\dave-ide-4.4.2-64bit\\eclipse\\arm-gcc-49\\arm-none-eabi\\include\\stdint.h"
 100              	 .file 3 "G:/DT/dt_g1_balancing_plate_wise20192020/XMC/Libraries/CMSIS/Infineon/XMC4500_series/Include/XMC4500.h"
 101              	 .file 4 "G:/DT/dt_g1_balancing_plate_wise20192020/XMC/Libraries/XMCLib/inc/xmc_vadc.h"
 102              	 .file 5 "G:/DT/dt_g1_balancing_plate_wise20192020/XMC/Dave/Generated/GLOBAL_ADC/global_adc.h"
 103              	 .file 6 "../Dave/Generated/ADC_MEASUREMENT/adc_measurement.h"
 104              	 .file 7 "G:/DT/dt_g1_balancing_plate_wise20192020/XMC/Libraries/CMSIS/Include/core_cm4.h"
 105              	 .file 8 "G:/DT/dt_g1_balancing_plate_wise20192020/XMC/Libraries/CMSIS/Infineon/XMC4500_series/Include/system_XMC4500.h"
 106              	 .file 9 "G:/DT/dt_g1_balancing_plate_wise20192020/XMC/Dave/Generated/GLOBAL_ADC/global_adc_extern.h"
 107              	 .file 10 "../Dave/Generated/ADC_MEASUREMENT/adc_measurement_conf.c"
DEFINED SYMBOLS
                            *ABS*:00000000 adc_measurement_conf.c
    {standard input}:30     .data.ADC_MEASUREMENT_0:00000000 ADC_MEASUREMENT_0
    {standard input}:45     .rodata.backgnd_config:00000000 backgnd_config
    {standard input}:94     .data.ADC_MEASUREMENT_channel_array:00000000 ADC_MEASUREMENT_channel_array
    {standard input}:64     .data.ADC_MEASUREMENT_Channel_A_handle:00000000 ADC_MEASUREMENT_Channel_A_handle
    {standard input}:58     .bss.Channel_A_res_config:00000000 Channel_A_res_config
    {standard input}:81     .data.Channel_A_ch_config:00000000 Channel_A_ch_config
    {standard input}:75     .rodata.global_iclass_config:00000000 global_iclass_config
    {standard input}:27     .data.ADC_MEASUREMENT_0:00000000 $d
    {standard input}:42     .rodata.backgnd_config:00000000 $d
    {standard input}:55     .bss.Channel_A_res_config:00000000 $d
    {standard input}:61     .data.ADC_MEASUREMENT_Channel_A_handle:00000000 $d
    {standard input}:72     .rodata.global_iclass_config:00000000 $d
    {standard input}:78     .data.Channel_A_ch_config:00000000 $d
    {standard input}:91     .data.ADC_MEASUREMENT_channel_array:00000000 $d
                           .group:00000000 wm4.0.ca5ae67a873a4952d630d8e4120b9e3e
                           .group:00000000 wm4.stddef.h.39.daafd3d79fe2f3a84d2d73d7d4e706f8
                           .group:00000000 wm4.features.h.22.bee0aee4a3878f51861c775df98fa3ea
                           .group:00000000 wm4._default_types.h.15.933e8edd27a65e0b69af4a865eb623d2
                           .group:00000000 wm4._intsup.h.10.ca9f32a61b410c270a48d1161ca2c217
                           .group:00000000 wm4.stdint.h.22.f4a337c398d8b6d821a97202448bc0d0
                           .group:00000000 wm4.stdbool.h.29.1c9ee6859ce8145f7838a4f2549ccec2
                           .group:00000000 wm4.newlib.h.8.fe7d912fc917043c98742c35eddd8cff
                           .group:00000000 wm4.config.h.216.aad1ef7bee4fb69981cb38ce62f84d9c
                           .group:00000000 wm4._ansi.h.23.9f8fcfa20193763fcf364fb91705c94b
                           .group:00000000 wm4.lock.h.2.9bc98482741e5e2a9450b12934a684ea
                           .group:00000000 wm4._types.h.54.d3d34a3b7f3cc230cd159baf022b4b08
                           .group:00000000 wm4.stddef.h.158.61317cdbfb4026324507d123a50b0fd6
                           .group:00000000 wm4.reent.h.17.8bd9e4098e0428508c282cad794fae43
                           .group:00000000 wm4.cdefs.h.47.4e89a3f145accdcb1100c37260c088e6
                           .group:00000000 wm4.string.h.15.dab3980bf35408a4c507182805e2de3a
                           .group:00000000 wm4.stddef.h.158.a7efb00f6cbc6f43213b50e183c9830c
                           .group:00000000 wm4.xmc_device.h.65.5c0d35eb1a6853ff8300ab2ec1b944b0
                           .group:00000000 wm4.XMC4500.h.55.9aa45b9b5790506b2dcb963e4e7adeaf
                           .group:00000000 wm4.cmsis_version.h.32.4d5822004c01a829a975260e854b5f8e
                           .group:00000000 wm4.core_cm4.h.66.e4ff136c4a17abc46741866f64f8e729
                           .group:00000000 wm4.cmsis_gcc.h.26.57f124f9262f3dbf77da6a6506ffb430
                           .group:00000000 wm4.core_cm4.h.174.fcddd62df80231752fa39eb9b61dadfe
                           .group:00000000 wm4.mpu_armv7.h.32.4049752bb5792d4e15357775e9506cfc
                           .group:00000000 wm4.system_XMC4500.h.42.99124977c10ca8844a71949adbeabd70
                           .group:00000000 wm4.XMC4500.h.208.b340195df97f067735c4c769ba59985a
                           .group:00000000 wm4.xmc_device.h.1500.3eca65ed9ba7f90e09c1ffcb0b3f5724
                           .group:00000000 wm4.xmc_common.h.98.806f17e888fd51d0e4be2ad115163551
                           .group:00000000 wm4.xmc4_scu.h.113.70a903f8782696023ba1d8628d8ac2d6
                           .group:00000000 wm4.xmc_vadc_map.h.62.9df0d76d5c18106393e06548a14f52be
                           .group:00000000 wm4.xmc_vadc.h.237.61ed5fbd33c6c067453e9298502ec2a9
                           .group:00000000 wm4.global_adc_conf.h.79.ad3d3c9f6f306cd3e989ca81b8da07e7
                           .group:00000000 wm4.adc_measurement_conf.h.92.245900a401907c63e95c2c2d32c6ae56
                           .group:00000000 wm4.adc_measurement.h.114.7294eeab9e0acd8ff18f74e708162a72

UNDEFINED SYMBOLS
GLOBAL_ADC_0
