   1              	 .syntax unified
   2              	 .cpu cortex-m4
   3              	 .eabi_attribute 27,3
   4              	 .fpu fpv4-sp-d16
   5              	 .eabi_attribute 20,1
   6              	 .eabi_attribute 21,1
   7              	 .eabi_attribute 23,3
   8              	 .eabi_attribute 24,1
   9              	 .eabi_attribute 25,1
  10              	 .eabi_attribute 26,1
  11              	 .eabi_attribute 30,4
  12              	 .eabi_attribute 34,1
  13              	 .eabi_attribute 18,4
  14              	 .thumb
  15              	 .file "main.c"
  16              	 .text
  17              	.Ltext0:
  18              	 .cfi_sections .debug_frame
  19              	 .section .text.startup.main,"ax",%progbits
  20              	 .align 1
  21              	 .global main
  22              	 .thumb
  23              	 .thumb_func
  25              	main:
  26              	.LFB419:
  27              	 .file 1 "../main.c"
   1:../main.c     **** #include "globals.h"
   2:../main.c     **** #include "uartCom.h"
   3:../main.c     **** 
   4:../main.c     **** int main(void)
   5:../main.c     **** {
  28              	 .loc 1 5 0
  29              	 .cfi_startproc
  30              	 
  31              	 
  32 0000 08B5     	 push {r3,lr}
  33              	.LCFI0:
  34              	 .cfi_def_cfa_offset 8
  35              	 .cfi_offset 3,-8
  36              	 .cfi_offset 14,-4
   6:../main.c     ****   DAVE_STATUS_t status;
   7:../main.c     **** 
   8:../main.c     ****   status = DAVE_Init();
  37              	 .loc 1 8 0
  38 0002 FFF7FEFF 	 bl DAVE_Init
  39              	.LVL0:
   9:../main.c     ****   servos.servo0 = MOTOR_0_NEUTRAL;
  40              	 .loc 1 9 0
  41 0006 074B     	 ldr r3,.L7
  42 0008 40F2EE22 	 movw r2,#750
  43 000c 1A60     	 str r2,[r3]
  10:../main.c     ****   servos.servo1 = MOTOR_1_NEUTRAL;
  44              	 .loc 1 10 0
  45 000e 5A60     	 str r2,[r3,#4]
  11:../main.c     ****   servos.servo2 = MOTOR_2_NEUTRAL;
  46              	 .loc 1 11 0
  47 0010 9A60     	 str r2,[r3,#8]
  12:../main.c     **** 
  13:../main.c     ****   if(status != DAVE_STATUS_SUCCESS)
  48              	 .loc 1 13 0
  49 0012 00B1     	 cbz r0,.L2
  50              	.L5:
  14:../main.c     ****   {
  15:../main.c     ****     XMC_DEBUG("DAVE APPs initialization failed\n");
  16:../main.c     **** 
  17:../main.c     ****     while(1U)
  18:../main.c     ****     {
  19:../main.c     **** 
  20:../main.c     ****     }
  51              	 .loc 1 20 0 discriminator 1
  52 0014 FEE7     	 b .L5
  53              	.L2:
  21:../main.c     ****   }
  22:../main.c     **** 
  23:../main.c     ****   /* Start listening for UART */
  24:../main.c     ****   UART_StartReceiveIRQ(&UART_0, read_data, BUFFERSIZE);
  54              	 .loc 1 24 0
  55 0016 0448     	 ldr r0,.L7+4
  56              	.LVL1:
  57 0018 0449     	 ldr r1,.L7+8
  58 001a 0D22     	 movs r2,#13
  59 001c FFF7FEFF 	 bl UART_StartReceiveIRQ
  60              	.LVL2:
  61              	.L4:
  25:../main.c     **** 
  26:../main.c     ****   while(1U)
  27:../main.c     ****   {
  28:../main.c     ****   }
  62              	 .loc 1 28 0 discriminator 2
  63 0020 FEE7     	 b .L4
  64              	.L8:
  65 0022 00BF     	 .align 2
  66              	.L7:
  67 0024 00000000 	 .word servos
  68 0028 00000000 	 .word UART_0
  69 002c 00000000 	 .word read_data
  70              	 .cfi_endproc
  71              	.LFE419:
  73              	 .section .text.CCU43_1_IRQHandler,"ax",%progbits
  74              	 .align 1
  75              	 .global CCU43_1_IRQHandler
  76              	 .thumb
  77              	 .thumb_func
  79              	CCU43_1_IRQHandler:
  80              	.LFB420:
  29:../main.c     **** }
  30:../main.c     **** 
  31:../main.c     **** void irTimerSetPwmValues() {
  81              	 .loc 1 31 0
  82              	 .cfi_startproc
  83              	 
  84              	 
  85 0000 10B5     	 push {r4,lr}
  86              	.LCFI1:
  87              	 .cfi_def_cfa_offset 8
  88              	 .cfi_offset 4,-8
  89              	 .cfi_offset 14,-4
  32:../main.c     **** 
  33:../main.c     **** /*
  34:../main.c     **** 	if (servos.servo0 > MOTOR_0_MAX) servos.servo0 = MOTOR_0_MAX;
  35:../main.c     **** 	if (servos.servo1 > MOTOR_1_MAX) servos.servo1 = MOTOR_1_MAX;
  36:../main.c     **** 	if (servos.servo2 > MOTOR_2_MAX) servos.servo2 = MOTOR_2_MAX;
  37:../main.c     **** 
  38:../main.c     **** 	// Minimum 500, if lower = min gets set
  39:../main.c     **** 	if(servos.servo0 < MOTOR_0_MIN) servos.servo0 = MOTOR_0_MIN;
  40:../main.c     **** 	if(servos.servo1 < MOTOR_1_MIN) servos.servo1 = MOTOR_1_MIN;
  41:../main.c     **** 	if(servos.servo2 < MOTOR_2_MIN) servos.servo2 = MOTOR_2_MIN;
  42:../main.c     **** 
  43:../main.c     **** 	 PWM_SetDutyCycle(&PWM_MOTOR_0, MOTOR_0_NEUTRAL);
  44:../main.c     **** 	 PWM_SetDutyCycle(&PWM_MOTOR_1, MOTOR_1_NEUTRAL);
  45:../main.c     **** 	 PWM_SetDutyCycle(&PWM_MOTOR_2, MOTOR_2_NEUTRAL);
  46:../main.c     **** */
  47:../main.c     **** 
  48:../main.c     **** 	 PWM_SetDutyCycle(&PWM_MOTOR_0, servos.servo0);
  90              	 .loc 1 48 0
  91 0002 094C     	 ldr r4,.L10
  92 0004 0948     	 ldr r0,.L10+4
  93 0006 2168     	 ldr r1,[r4]
  94 0008 FFF7FEFF 	 bl PWM_SetDutyCycle
  95              	.LVL3:
  49:../main.c     **** 	 PWM_SetDutyCycle(&PWM_MOTOR_1, servos.servo1);
  96              	 .loc 1 49 0
  97 000c 6168     	 ldr r1,[r4,#4]
  98 000e 0848     	 ldr r0,.L10+8
  99 0010 FFF7FEFF 	 bl PWM_SetDutyCycle
 100              	.LVL4:
  50:../main.c     **** 	 PWM_SetDutyCycle(&PWM_MOTOR_2, servos.servo2);
 101              	 .loc 1 50 0
 102 0014 A168     	 ldr r1,[r4,#8]
 103 0016 0748     	 ldr r0,.L10+12
 104 0018 FFF7FEFF 	 bl PWM_SetDutyCycle
 105              	.LVL5:
  51:../main.c     **** 
  52:../main.c     **** 	 TIMER_ClearEvent(&TIMER_SET_PWM_VALUES);
 106              	 .loc 1 52 0
 107 001c 0648     	 ldr r0,.L10+16
  53:../main.c     **** }
 108              	 .loc 1 53 0
 109 001e BDE81040 	 pop {r4,lr}
 110              	.LCFI2:
 111              	 .cfi_restore 14
 112              	 .cfi_restore 4
 113              	 .cfi_def_cfa_offset 0
  52:../main.c     **** }
 114              	 .loc 1 52 0
 115 0022 FFF7FEBF 	 b TIMER_ClearEvent
 116              	.LVL6:
 117              	.L11:
 118 0026 00BF     	 .align 2
 119              	.L10:
 120 0028 00000000 	 .word servos
 121 002c 00000000 	 .word PWM_MOTOR_0
 122 0030 00000000 	 .word PWM_MOTOR_1
 123 0034 00000000 	 .word PWM_MOTOR_2
 124 0038 00000000 	 .word TIMER_SET_PWM_VALUES
 125              	 .cfi_endproc
 126              	.LFE420:
 128              	 .comm servos,12,4
 129              	 .comm read_data,13,1
 130              	 .text
 131              	.Letext0:
 132              	 .file 2 "c:\\program files\\dave_4\\dave-ide-4.4.2-64bit\\eclipse\\arm-gcc-49\\arm-none-eabi\\include\\machine\\_default_types.h"
 133              	 .file 3 "c:\\program files\\dave_4\\dave-ide-4.4.2-64bit\\eclipse\\arm-gcc-49\\arm-none-eabi\\include\\stdint.h"
 134              	 .file 4 "G:/dt_g1_balancing_plate_wise20192020/XMC/Libraries/CMSIS/Infineon/XMC4500_series/Include/XMC4500.h"
 135              	 .file 5 "G:/dt_g1_balancing_plate_wise20192020/XMC/Libraries/XMCLib/inc/xmc4_scu.h"
 136              	 .file 6 "G:/dt_g1_balancing_plate_wise20192020/XMC/Libraries/XMCLib/inc/xmc_gpio.h"
 137              	 .file 7 "G:/dt_g1_balancing_plate_wise20192020/XMC/Libraries/XMCLib/inc/xmc4_gpio.h"
 138              	 .file 8 "G:/dt_g1_balancing_plate_wise20192020/XMC/Libraries/XMCLib/inc/xmc_ccu4.h"
 139              	 .file 9 "G:/dt_g1_balancing_plate_wise20192020/XMC/Dave/Generated/GLOBAL_CCU4/global_ccu4.h"
 140              	 .file 10 "G:/dt_g1_balancing_plate_wise20192020/XMC/Dave/Generated/PWM/pwm.h"
 141              	 .file 11 "G:/dt_g1_balancing_plate_wise20192020/XMC/Libraries/XMCLib/inc/xmc_usic.h"
 142              	 .file 12 "G:/dt_g1_balancing_plate_wise20192020/XMC/Libraries/XMCLib/inc/xmc_uart.h"
 143              	 .file 13 "G:/dt_g1_balancing_plate_wise20192020/XMC/Dave/Generated/UART/uart.h"
 144              	 .file 14 "G:/dt_g1_balancing_plate_wise20192020/XMC/Dave/Generated/TIMER/timer.h"
 145              	 .file 15 "G:/dt_g1_balancing_plate_wise20192020/XMC/Dave/Generated/DAVE.h"
 146              	 .file 16 "../globals.h"
 147              	 .file 17 "G:/dt_g1_balancing_plate_wise20192020/XMC/Libraries/CMSIS/Include/core_cm4.h"
 148              	 .file 18 "G:/dt_g1_balancing_plate_wise20192020/XMC/Libraries/CMSIS/Infineon/XMC4500_series/Include/system_XMC4500.h"
 149              	 .file 19 "G:/dt_g1_balancing_plate_wise20192020/XMC/Dave/Generated/PWM/PWM_Extern.h"
 150              	 .file 20 "G:/dt_g1_balancing_plate_wise20192020/XMC/Dave/Generated/UART/uart_extern.h"
 151              	 .file 21 "G:/dt_g1_balancing_plate_wise20192020/XMC/Dave/Generated/TIMER/timer_extern.h"
DEFINED SYMBOLS
                            *ABS*:00000000 main.c
    {standard input}:20     .text.startup.main:00000000 $t
    {standard input}:25     .text.startup.main:00000000 main
    {standard input}:67     .text.startup.main:00000024 $d
                            *COM*:0000000c servos
                            *COM*:0000000d read_data
    {standard input}:74     .text.CCU43_1_IRQHandler:00000000 $t
    {standard input}:79     .text.CCU43_1_IRQHandler:00000000 CCU43_1_IRQHandler
    {standard input}:120    .text.CCU43_1_IRQHandler:00000028 $d
                     .debug_frame:00000010 $d
                           .group:00000000 wm4.0.ca5ae67a873a4952d630d8e4120b9e3e
                           .group:00000000 wm4.stddef.h.39.daafd3d79fe2f3a84d2d73d7d4e706f8
                           .group:00000000 wm4.features.h.22.bee0aee4a3878f51861c775df98fa3ea
                           .group:00000000 wm4._default_types.h.15.933e8edd27a65e0b69af4a865eb623d2
                           .group:00000000 wm4._intsup.h.10.ca9f32a61b410c270a48d1161ca2c217
                           .group:00000000 wm4.stdint.h.22.f4a337c398d8b6d821a97202448bc0d0
                           .group:00000000 wm4.stdbool.h.29.1c9ee6859ce8145f7838a4f2549ccec2
                           .group:00000000 wm4.newlib.h.8.fe7d912fc917043c98742c35eddd8cff
                           .group:00000000 wm4.config.h.216.aad1ef7bee4fb69981cb38ce62f84d9c
                           .group:00000000 wm4._ansi.h.23.9f8fcfa20193763fcf364fb91705c94b
                           .group:00000000 wm4.lock.h.2.9bc98482741e5e2a9450b12934a684ea
                           .group:00000000 wm4._types.h.54.d3d34a3b7f3cc230cd159baf022b4b08
                           .group:00000000 wm4.stddef.h.158.61317cdbfb4026324507d123a50b0fd6
                           .group:00000000 wm4.reent.h.17.8bd9e4098e0428508c282cad794fae43
                           .group:00000000 wm4.cdefs.h.47.4e89a3f145accdcb1100c37260c088e6
                           .group:00000000 wm4.string.h.15.dab3980bf35408a4c507182805e2de3a
                           .group:00000000 wm4.stddef.h.158.a7efb00f6cbc6f43213b50e183c9830c
                           .group:00000000 wm4.xmc_device.h.65.5c0d35eb1a6853ff8300ab2ec1b944b0
                           .group:00000000 wm4.XMC4500.h.55.9aa45b9b5790506b2dcb963e4e7adeaf
                           .group:00000000 wm4.cmsis_version.h.32.4d5822004c01a829a975260e854b5f8e
                           .group:00000000 wm4.core_cm4.h.66.e4ff136c4a17abc46741866f64f8e729
                           .group:00000000 wm4.cmsis_gcc.h.26.57f124f9262f3dbf77da6a6506ffb430
                           .group:00000000 wm4.core_cm4.h.174.fcddd62df80231752fa39eb9b61dadfe
                           .group:00000000 wm4.mpu_armv7.h.32.4049752bb5792d4e15357775e9506cfc
                           .group:00000000 wm4.system_XMC4500.h.42.99124977c10ca8844a71949adbeabd70
                           .group:00000000 wm4.XMC4500.h.208.b340195df97f067735c4c769ba59985a
                           .group:00000000 wm4.xmc_device.h.1500.3eca65ed9ba7f90e09c1ffcb0b3f5724
                           .group:00000000 wm4.xmc_common.h.98.806f17e888fd51d0e4be2ad115163551
                           .group:00000000 wm4.xmc4_scu.h.113.70a903f8782696023ba1d8628d8ac2d6
                           .group:00000000 wm4.xmc_gpio.h.51.99a4c0bd520ffa931ac6d8600dce89c4
                           .group:00000000 wm4.xmc4_gpio_map.h.77.d73d78de7f4c322ab8caf8e71725793e
                           .group:00000000 wm4.xmc4_gpio.h.79.ce6c49508b5a7769c66e7e3c21dcdfe4
                           .group:00000000 wm4.clock_xmc4_conf.h.59.249296d4aac332e3d32466c2fa9b8708
                           .group:00000000 wm4.xmc4_ccu4_map.h.52.bc30e2611b29f8dfd82b8d766e443456
                           .group:00000000 wm4.global_ccu4_conf.h.53.171028076f31067af187aedd932f16c4
                           .group:00000000 wm4.pwm_conf.h.91.de1ad5462f924101b28d4a83f92c3daa
                           .group:00000000 wm4.cpu_ctrl_xmc4_conf.h.50.edadd17ec66dd565cecf7b80b7a19d87
                           .group:00000000 wm4.xmc_usic.h.94.805ea2394b0d7b136939c22b7f55383a
                           .group:00000000 wm4.xmc4_usic_map.h.58.c72ca24cddd51bff3428962310391fa9
                           .group:00000000 wm4.xmc_uart.h.109.448e7c5ea9d234a4e4112f61aa70ddeb
                           .group:00000000 wm4.uart_conf.h.56.c388d77d60f598933dd023b5e4d2a364
                           .group:00000000 wm4.xmc_vadc_map.h.62.9df0d76d5c18106393e06548a14f52be
                           .group:00000000 wm4.xmc_vadc.h.237.61ed5fbd33c6c067453e9298502ec2a9
                           .group:00000000 wm4.global_adc_conf.h.79.ad3d3c9f6f306cd3e989ca81b8da07e7
                           .group:00000000 wm4.adc_measurement_conf.h.92.cccc29e4ddbd0754ad04857ffa4fd661
                           .group:00000000 wm4.adc_measurement.h.114.7294eeab9e0acd8ff18f74e708162a72
                           .group:00000000 wm4.digital_io_conf.h.60.7e6ff84a67e8f07f78124480426d8243
                           .group:00000000 wm4.timer_conf.h.54.996b42824e61eb96ec9d683fbb4da995
                           .group:00000000 wm4.interrupt_conf.h.50.3baa91fd89684bb4ea6f6b4889884661
                           .group:00000000 wm4.interrupt_extern.h.49.ccc9b9895c91382260480912eaa9a3c6
                           .group:00000000 wm4.globals.h.6.d2acb0a2178ab61b10a1b091a76451b6
                           .group:00000000 wm4.stdlib.h.13.4ed386f5c1a80d71e72172885d946ef2
                           .group:00000000 wm4.alloca.h.8.dfc0c703c47ec3e69746825b17d9e66d
                           .group:00000000 wm4.stdlib.h.53.fe81d5186f74ee22c982a1a79f340ee8

UNDEFINED SYMBOLS
DAVE_Init
UART_StartReceiveIRQ
UART_0
PWM_SetDutyCycle
TIMER_ClearEvent
PWM_MOTOR_0
PWM_MOTOR_1
PWM_MOTOR_2
TIMER_SET_PWM_VALUES
