   1              	 .syntax unified
   2              	 .cpu cortex-m4
   3              	 .eabi_attribute 27,3
   4              	 .fpu fpv4-sp-d16
   5              	 .eabi_attribute 20,1
   6              	 .eabi_attribute 21,1
   7              	 .eabi_attribute 23,3
   8              	 .eabi_attribute 24,1
   9              	 .eabi_attribute 25,1
  10              	 .eabi_attribute 26,1
  11              	 .eabi_attribute 30,4
  12              	 .eabi_attribute 34,1
  13              	 .eabi_attribute 18,4
  14              	 .thumb
  15              	 .file "clock_xmc4_conf.c"
  16              	 .text
  17              	.Ltext0:
  18              	 .cfi_sections .debug_frame
  19              	 .section .text.SystemCoreClockSetup,"ax",%progbits
  20              	 .align 1
  21              	 .global SystemCoreClockSetup
  22              	 .thumb
  23              	 .thumb_func
  25              	SystemCoreClockSetup:
  26              	.LFB184:
  27              	 .file 1 "../Dave/Generated/CLOCK_XMC4/clock_xmc4_conf.c"
   1:../Dave/Generated/CLOCK_XMC4/clock_xmc4_conf.c **** /**************************************************************************************************
   2:../Dave/Generated/CLOCK_XMC4/clock_xmc4_conf.c **** * DAVE APP Name : CLOCK_XMC4       APP Version: 4.0.22
   3:../Dave/Generated/CLOCK_XMC4/clock_xmc4_conf.c **** *
   4:../Dave/Generated/CLOCK_XMC4/clock_xmc4_conf.c **** * NOTE:
   5:../Dave/Generated/CLOCK_XMC4/clock_xmc4_conf.c **** * This file is generated by DAVE. Any manual modification done to this file will be lost when the c
   6:../Dave/Generated/CLOCK_XMC4/clock_xmc4_conf.c **** ***************************************************************************************************
   7:../Dave/Generated/CLOCK_XMC4/clock_xmc4_conf.c **** 
   8:../Dave/Generated/CLOCK_XMC4/clock_xmc4_conf.c **** /**
   9:../Dave/Generated/CLOCK_XMC4/clock_xmc4_conf.c ****  * @cond
  10:../Dave/Generated/CLOCK_XMC4/clock_xmc4_conf.c ****  **************************************************************************************************
  11:../Dave/Generated/CLOCK_XMC4/clock_xmc4_conf.c ****  *
  12:../Dave/Generated/CLOCK_XMC4/clock_xmc4_conf.c ****  * Copyright (c) 2015-2016, Infineon Technologies AG
  13:../Dave/Generated/CLOCK_XMC4/clock_xmc4_conf.c ****  * All rights reserved.
  14:../Dave/Generated/CLOCK_XMC4/clock_xmc4_conf.c ****  *
  15:../Dave/Generated/CLOCK_XMC4/clock_xmc4_conf.c ****  * Redistribution and use in source and binary forms, with or without modification,are permitted pr
  16:../Dave/Generated/CLOCK_XMC4/clock_xmc4_conf.c ****  * following conditions are met:
  17:../Dave/Generated/CLOCK_XMC4/clock_xmc4_conf.c ****  *
  18:../Dave/Generated/CLOCK_XMC4/clock_xmc4_conf.c ****  *   Redistributions of source code must retain the above copyright notice, this list of conditions
  19:../Dave/Generated/CLOCK_XMC4/clock_xmc4_conf.c ****  *   disclaimer.
  20:../Dave/Generated/CLOCK_XMC4/clock_xmc4_conf.c ****  *
  21:../Dave/Generated/CLOCK_XMC4/clock_xmc4_conf.c ****  *   Redistributions in binary form must reproduce the above copyright notice, this list of conditi
  22:../Dave/Generated/CLOCK_XMC4/clock_xmc4_conf.c ****  *   following disclaimer in the documentation and/or other materials provided with the distributio
  23:../Dave/Generated/CLOCK_XMC4/clock_xmc4_conf.c ****  *
  24:../Dave/Generated/CLOCK_XMC4/clock_xmc4_conf.c ****  *   Neither the name of the copyright holders nor the names of its contributors may be used to end
  25:../Dave/Generated/CLOCK_XMC4/clock_xmc4_conf.c ****  *   products derived from this software without specific prior written permission.
  26:../Dave/Generated/CLOCK_XMC4/clock_xmc4_conf.c ****  *
  27:../Dave/Generated/CLOCK_XMC4/clock_xmc4_conf.c ****  * THIS SOFTWARE IS PROVIDED BY THE COPYRIGHT HOLDERS AND CONTRIBUTORS "AS IS" AND ANY EXPRESS OR I
  28:../Dave/Generated/CLOCK_XMC4/clock_xmc4_conf.c ****  * INCLUDING, BUT NOT LIMITED TO, THE IMPLIED WARRANTIES OF MERCHANTABILITY AND FITNESS FOR A PARTI
  29:../Dave/Generated/CLOCK_XMC4/clock_xmc4_conf.c ****  * DISCLAIMED. IN NO EVENT SHALL THE COPYRIGHT HOLDER OR CONTRIBUTORS BE LIABLE  FOR ANY DIRECT, IN
  30:../Dave/Generated/CLOCK_XMC4/clock_xmc4_conf.c ****  * SPECIAL, EXEMPLARY, OR CONSEQUENTIAL DAMAGES (INCLUDING, BUT NOT LIMITED TO, PROCUREMENT OF SUBS
  31:../Dave/Generated/CLOCK_XMC4/clock_xmc4_conf.c ****  * SERVICES; LOSS OF USE, DATA, OR PROFITS; OR BUSINESS INTERRUPTION) HOWEVER CAUSED AND ON ANY THE
  32:../Dave/Generated/CLOCK_XMC4/clock_xmc4_conf.c ****  * WHETHER IN CONTRACT, STRICT LIABILITY,OR TORT (INCLUDING NEGLIGENCE OR OTHERWISE) ARISING IN ANY
  33:../Dave/Generated/CLOCK_XMC4/clock_xmc4_conf.c ****  * USE OF THIS SOFTWARE, EVEN IF ADVISED OF THE POSSIBILITY OF SUCH DAMAGE.
  34:../Dave/Generated/CLOCK_XMC4/clock_xmc4_conf.c ****  *
  35:../Dave/Generated/CLOCK_XMC4/clock_xmc4_conf.c ****  * To improve the quality of the software, users are encouraged to share modifications, enhancement
  36:../Dave/Generated/CLOCK_XMC4/clock_xmc4_conf.c ****  * with Infineon Technologies AG (dave@infineon.com).
  37:../Dave/Generated/CLOCK_XMC4/clock_xmc4_conf.c ****  **************************************************************************************************
  38:../Dave/Generated/CLOCK_XMC4/clock_xmc4_conf.c ****  *
  39:../Dave/Generated/CLOCK_XMC4/clock_xmc4_conf.c ****  * Change History
  40:../Dave/Generated/CLOCK_XMC4/clock_xmc4_conf.c ****  * --------------
  41:../Dave/Generated/CLOCK_XMC4/clock_xmc4_conf.c ****  * 2015-02-16:
  42:../Dave/Generated/CLOCK_XMC4/clock_xmc4_conf.c ****  *     - Initial version for DAVEv4. <BR>
  43:../Dave/Generated/CLOCK_XMC4/clock_xmc4_conf.c ****  * 2015-05-08:
  44:../Dave/Generated/CLOCK_XMC4/clock_xmc4_conf.c ****  *     - No functional change; Updated to adhere latest guidelines <br>
  45:../Dave/Generated/CLOCK_XMC4/clock_xmc4_conf.c ****  * 2015-10-08:
  46:../Dave/Generated/CLOCK_XMC4/clock_xmc4_conf.c ****  *     - Ensured Trap status bit clearing for XMC48 and XMC47 device.<br>
  47:../Dave/Generated/CLOCK_XMC4/clock_xmc4_conf.c ****  *     - USB PLL Configuration made based on user configuration.<br>
  48:../Dave/Generated/CLOCK_XMC4/clock_xmc4_conf.c ****  *     - ECAT Configuration supported for XMC48 device.<br>
  49:../Dave/Generated/CLOCK_XMC4/clock_xmc4_conf.c ****  * 2015-10-20:
  50:../Dave/Generated/CLOCK_XMC4/clock_xmc4_conf.c ****  *     - High Precision Oscillator Settings are enabled only when it is required.<br>
  51:../Dave/Generated/CLOCK_XMC4/clock_xmc4_conf.c ****  * 2015-12-01:
  52:../Dave/Generated/CLOCK_XMC4/clock_xmc4_conf.c ****  *     - Ensured Trap status bit clearing for XMC43 device.<br>
  53:../Dave/Generated/CLOCK_XMC4/clock_xmc4_conf.c ****  * 2015-12-20:
  54:../Dave/Generated/CLOCK_XMC4/clock_xmc4_conf.c ****  *     - Disabled option supported in combo box for High Precision Oscillator Settings.<br>
  55:../Dave/Generated/CLOCK_XMC4/clock_xmc4_conf.c ****  * 2015-12-24:
  56:../Dave/Generated/CLOCK_XMC4/clock_xmc4_conf.c ****  *     - TRAP event settings are moved to SystemCoreClockSetup API from CLOCK_XMC4_Init. <BR>
  57:../Dave/Generated/CLOCK_XMC4/clock_xmc4_conf.c ****  *     - Code size is improved. <BR>
  58:../Dave/Generated/CLOCK_XMC4/clock_xmc4_conf.c ****  *     - OSCHP_GetFrequency API is made to available to user only when high precision oscillator is
  59:../Dave/Generated/CLOCK_XMC4/clock_xmc4_conf.c ****  * 2016-01-08:
  60:../Dave/Generated/CLOCK_XMC4/clock_xmc4_conf.c ****  *     - Removed clear trap status settings at the end of the clock initialization which was redund
  61:../Dave/Generated/CLOCK_XMC4/clock_xmc4_conf.c ****  * 2016-05-25:
  62:../Dave/Generated/CLOCK_XMC4/clock_xmc4_conf.c ****  *     - Ensured main PLL and USBPLL dependencies based on its checkbox enable via CLOCK_XMC4 APP G
  63:../Dave/Generated/CLOCK_XMC4/clock_xmc4_conf.c ****  * 2016-07-08:
  64:../Dave/Generated/CLOCK_XMC4/clock_xmc4_conf.c ****  *     - Fixed incorrect case for an included header.<br>
  65:../Dave/Generated/CLOCK_XMC4/clock_xmc4_conf.c ****  *
  66:../Dave/Generated/CLOCK_XMC4/clock_xmc4_conf.c ****  * @endcond
  67:../Dave/Generated/CLOCK_XMC4/clock_xmc4_conf.c ****  *
  68:../Dave/Generated/CLOCK_XMC4/clock_xmc4_conf.c ****  */
  69:../Dave/Generated/CLOCK_XMC4/clock_xmc4_conf.c **** 
  70:../Dave/Generated/CLOCK_XMC4/clock_xmc4_conf.c **** /**************************************************************************************************
  71:../Dave/Generated/CLOCK_XMC4/clock_xmc4_conf.c ****  * HEADER FILES
  72:../Dave/Generated/CLOCK_XMC4/clock_xmc4_conf.c ****  **************************************************************************************************
  73:../Dave/Generated/CLOCK_XMC4/clock_xmc4_conf.c **** #include "clock_xmc4.h"
  74:../Dave/Generated/CLOCK_XMC4/clock_xmc4_conf.c **** 
  75:../Dave/Generated/CLOCK_XMC4/clock_xmc4_conf.c **** /**************************************************************************************************
  76:../Dave/Generated/CLOCK_XMC4/clock_xmc4_conf.c ****  * DATA STRUCTURES
  77:../Dave/Generated/CLOCK_XMC4/clock_xmc4_conf.c ****  **************************************************************************************************
  78:../Dave/Generated/CLOCK_XMC4/clock_xmc4_conf.c **** CLOCK_XMC4_t CLOCK_XMC4_0 =
  79:../Dave/Generated/CLOCK_XMC4/clock_xmc4_conf.c **** {
  80:../Dave/Generated/CLOCK_XMC4/clock_xmc4_conf.c ****   .init_status = false
  81:../Dave/Generated/CLOCK_XMC4/clock_xmc4_conf.c **** };
  82:../Dave/Generated/CLOCK_XMC4/clock_xmc4_conf.c **** 
  83:../Dave/Generated/CLOCK_XMC4/clock_xmc4_conf.c ****  /*************************************************************************************************
  84:../Dave/Generated/CLOCK_XMC4/clock_xmc4_conf.c ****  * API IMPLEMENTATION
  85:../Dave/Generated/CLOCK_XMC4/clock_xmc4_conf.c ****  **************************************************************************************************
  86:../Dave/Generated/CLOCK_XMC4/clock_xmc4_conf.c **** /**
  87:../Dave/Generated/CLOCK_XMC4/clock_xmc4_conf.c **** * @brief  Function to initialize the Clock Tree based on UI configuration
  88:../Dave/Generated/CLOCK_XMC4/clock_xmc4_conf.c **** * @note   -
  89:../Dave/Generated/CLOCK_XMC4/clock_xmc4_conf.c **** * @param  None
  90:../Dave/Generated/CLOCK_XMC4/clock_xmc4_conf.c **** * @retval None
  91:../Dave/Generated/CLOCK_XMC4/clock_xmc4_conf.c **** */
  92:../Dave/Generated/CLOCK_XMC4/clock_xmc4_conf.c **** void SystemCoreClockSetup(void)
  93:../Dave/Generated/CLOCK_XMC4/clock_xmc4_conf.c **** {
  28              	 .loc 1 93 0
  29              	 .cfi_startproc
  30              	 
  31              	 
  32 0000 30B5     	 push {r4,r5,lr}
  33              	.LCFI0:
  34              	 .cfi_def_cfa_offset 12
  35              	 .cfi_offset 4,-12
  36              	 .cfi_offset 5,-8
  37              	 .cfi_offset 14,-4
  94:../Dave/Generated/CLOCK_XMC4/clock_xmc4_conf.c ****   /* Local data structure for initializing the clock functional block */
  95:../Dave/Generated/CLOCK_XMC4/clock_xmc4_conf.c ****   const XMC_SCU_CLOCK_CONFIG_t CLOCK_XMC4_0_CONFIG =
  38              	 .loc 1 95 0
  39 0002 114D     	 ldr r5,.L2
  40 0004 0FCD     	 ldmia r5!,{r0,r1,r2,r3}
  93:../Dave/Generated/CLOCK_XMC4/clock_xmc4_conf.c ****   /* Local data structure for initializing the clock functional block */
  41              	 .loc 1 93 0
  42 0006 87B0     	 sub sp,sp,#28
  43              	.LCFI1:
  44              	 .cfi_def_cfa_offset 40
  45              	 .loc 1 95 0
  46 0008 01AC     	 add r4,sp,#4
  47 000a 0FC4     	 stmia r4!,{r0,r1,r2,r3}
  48 000c 2B68     	 ldr r3,[r5]
  49 000e 2360     	 str r3,[r4]
  96:../Dave/Generated/CLOCK_XMC4/clock_xmc4_conf.c ****   {
  97:../Dave/Generated/CLOCK_XMC4/clock_xmc4_conf.c ****     /* N-Divider Value */
  98:../Dave/Generated/CLOCK_XMC4/clock_xmc4_conf.c ****     .syspll_config.n_div = 80U,
  99:../Dave/Generated/CLOCK_XMC4/clock_xmc4_conf.c ****     /* P-Divider Value */
 100:../Dave/Generated/CLOCK_XMC4/clock_xmc4_conf.c ****     .syspll_config.p_div = 2U,
 101:../Dave/Generated/CLOCK_XMC4/clock_xmc4_conf.c ****     /* K2-Divider Value */
 102:../Dave/Generated/CLOCK_XMC4/clock_xmc4_conf.c ****     .syspll_config.k_div = 4U,
 103:../Dave/Generated/CLOCK_XMC4/clock_xmc4_conf.c ****     /* PLL Operating Mode */
 104:../Dave/Generated/CLOCK_XMC4/clock_xmc4_conf.c ****     .syspll_config.mode = XMC_SCU_CLOCK_SYSPLL_MODE_NORMAL,
 105:../Dave/Generated/CLOCK_XMC4/clock_xmc4_conf.c ****     /* PLL Clock Source */
 106:../Dave/Generated/CLOCK_XMC4/clock_xmc4_conf.c ****     .syspll_config.clksrc = XMC_SCU_CLOCK_SYSPLLCLKSRC_OSCHP,
 107:../Dave/Generated/CLOCK_XMC4/clock_xmc4_conf.c ****     /* High Precision Oscillator Operating Mode */
 108:../Dave/Generated/CLOCK_XMC4/clock_xmc4_conf.c ****     .enable_oschp = true,
 109:../Dave/Generated/CLOCK_XMC4/clock_xmc4_conf.c ****     /* Ultra Low Power Oscillator Setting */
 110:../Dave/Generated/CLOCK_XMC4/clock_xmc4_conf.c ****     .enable_osculp = false,
 111:../Dave/Generated/CLOCK_XMC4/clock_xmc4_conf.c ****     /* Calibration Mode */
 112:../Dave/Generated/CLOCK_XMC4/clock_xmc4_conf.c ****     .calibration_mode = XMC_SCU_CLOCK_FOFI_CALIBRATION_MODE_FACTORY,
 113:../Dave/Generated/CLOCK_XMC4/clock_xmc4_conf.c ****     /* Standby Clock Source */
 114:../Dave/Generated/CLOCK_XMC4/clock_xmc4_conf.c ****     .fstdby_clksrc = XMC_SCU_HIB_STDBYCLKSRC_OSI,
 115:../Dave/Generated/CLOCK_XMC4/clock_xmc4_conf.c ****     /* System Clock Source */
 116:../Dave/Generated/CLOCK_XMC4/clock_xmc4_conf.c ****     .fsys_clksrc = XMC_SCU_CLOCK_SYSCLKSRC_PLL,
 117:../Dave/Generated/CLOCK_XMC4/clock_xmc4_conf.c ****     /* System Clock Divider Value */
 118:../Dave/Generated/CLOCK_XMC4/clock_xmc4_conf.c ****     .fsys_clkdiv = 1U,
 119:../Dave/Generated/CLOCK_XMC4/clock_xmc4_conf.c ****     /* CPU Clock Divider Value */
 120:../Dave/Generated/CLOCK_XMC4/clock_xmc4_conf.c ****     .fcpu_clkdiv = 1U,
 121:../Dave/Generated/CLOCK_XMC4/clock_xmc4_conf.c **** #ifdef CLOCK_XMC4_CCUCLK_ENABLED  
 122:../Dave/Generated/CLOCK_XMC4/clock_xmc4_conf.c ****     /* CCU Clock Divider Value */
 123:../Dave/Generated/CLOCK_XMC4/clock_xmc4_conf.c ****     .fccu_clkdiv = 1U,
 124:../Dave/Generated/CLOCK_XMC4/clock_xmc4_conf.c **** #endif
 125:../Dave/Generated/CLOCK_XMC4/clock_xmc4_conf.c ****     /* Peripheral Clock Divider Value */
 126:../Dave/Generated/CLOCK_XMC4/clock_xmc4_conf.c ****     .fperipheral_clkdiv = 1U
 127:../Dave/Generated/CLOCK_XMC4/clock_xmc4_conf.c ****   };
 128:../Dave/Generated/CLOCK_XMC4/clock_xmc4_conf.c ****   /* Initialize the SCU clock */
 129:../Dave/Generated/CLOCK_XMC4/clock_xmc4_conf.c ****   XMC_SCU_CLOCK_Init(&CLOCK_XMC4_0_CONFIG);
  50              	 .loc 1 129 0
  51 0010 01A8     	 add r0,sp,#4
  52 0012 FFF7FEFF 	 bl XMC_SCU_CLOCK_Init
  53              	.LVL0:
 130:../Dave/Generated/CLOCK_XMC4/clock_xmc4_conf.c ****   /* RTC source clock */
 131:../Dave/Generated/CLOCK_XMC4/clock_xmc4_conf.c ****   XMC_SCU_HIB_SetRtcClockSource(XMC_SCU_HIB_RTCCLKSRC_OSI);
  54              	 .loc 1 131 0
  55 0016 0020     	 movs r0,#0
  56 0018 FFF7FEFF 	 bl XMC_SCU_HIB_SetRtcClockSource
  57              	.LVL1:
 132:../Dave/Generated/CLOCK_XMC4/clock_xmc4_conf.c ****   
 133:../Dave/Generated/CLOCK_XMC4/clock_xmc4_conf.c **** #ifdef CLOCK_XMC4_USBCLK_ENABLED  
 134:../Dave/Generated/CLOCK_XMC4/clock_xmc4_conf.c ****   /* USB/SDMMC source clock */
 135:../Dave/Generated/CLOCK_XMC4/clock_xmc4_conf.c ****   XMC_SCU_CLOCK_SetUsbClockSource(XMC_SCU_CLOCK_USBCLKSRC_USBPLL);
  58              	 .loc 1 135 0
  59 001c 0020     	 movs r0,#0
  60 001e FFF7FEFF 	 bl XMC_SCU_CLOCK_SetUsbClockSource
  61              	.LVL2:
 136:../Dave/Generated/CLOCK_XMC4/clock_xmc4_conf.c ****   /* USB/SDMMC divider setting */
 137:../Dave/Generated/CLOCK_XMC4/clock_xmc4_conf.c ****   XMC_SCU_CLOCK_SetUsbClockDivider(4U);
  62              	 .loc 1 137 0
  63 0022 0420     	 movs r0,#4
  64 0024 FFF7FEFF 	 bl XMC_SCU_CLOCK_SetUsbClockDivider
  65              	.LVL3:
 138:../Dave/Generated/CLOCK_XMC4/clock_xmc4_conf.c **** #endif
 139:../Dave/Generated/CLOCK_XMC4/clock_xmc4_conf.c ****   /* Start USB PLL */
 140:../Dave/Generated/CLOCK_XMC4/clock_xmc4_conf.c ****   XMC_SCU_CLOCK_StartUsbPll(1U, 32U);
  66              	 .loc 1 140 0
  67 0028 2021     	 movs r1,#32
  68 002a 0120     	 movs r0,#1
  69 002c FFF7FEFF 	 bl XMC_SCU_CLOCK_StartUsbPll
  70              	.LVL4:
 141:../Dave/Generated/CLOCK_XMC4/clock_xmc4_conf.c **** 
 142:../Dave/Generated/CLOCK_XMC4/clock_xmc4_conf.c **** #ifdef CLOCK_XMC4_WDTCLK_ENABLED    
 143:../Dave/Generated/CLOCK_XMC4/clock_xmc4_conf.c ****   /* WDT source clock */
 144:../Dave/Generated/CLOCK_XMC4/clock_xmc4_conf.c ****   XMC_SCU_CLOCK_SetWdtClockSource(XMC_SCU_CLOCK_WDTCLKSRC_OFI);
  71              	 .loc 1 144 0
  72 0030 0020     	 movs r0,#0
  73 0032 FFF7FEFF 	 bl XMC_SCU_CLOCK_SetWdtClockSource
  74              	.LVL5:
 145:../Dave/Generated/CLOCK_XMC4/clock_xmc4_conf.c ****   /* WDT divider setting */
 146:../Dave/Generated/CLOCK_XMC4/clock_xmc4_conf.c ****   XMC_SCU_CLOCK_SetWdtClockDivider(1U);
  75              	 .loc 1 146 0
  76 0036 0120     	 movs r0,#1
  77 0038 FFF7FEFF 	 bl XMC_SCU_CLOCK_SetWdtClockDivider
  78              	.LVL6:
 147:../Dave/Generated/CLOCK_XMC4/clock_xmc4_conf.c **** #endif
 148:../Dave/Generated/CLOCK_XMC4/clock_xmc4_conf.c **** 
 149:../Dave/Generated/CLOCK_XMC4/clock_xmc4_conf.c **** #ifdef CLOCK_XMC4_EBUCLK_ENABLED 
 150:../Dave/Generated/CLOCK_XMC4/clock_xmc4_conf.c ****   /* EBU divider setting */
 151:../Dave/Generated/CLOCK_XMC4/clock_xmc4_conf.c ****   XMC_SCU_CLOCK_SetEbuClockDivider(1U);
  79              	 .loc 1 151 0
  80 003c 0120     	 movs r0,#1
  81 003e FFF7FEFF 	 bl XMC_SCU_CLOCK_SetEbuClockDivider
  82              	.LVL7:
 152:../Dave/Generated/CLOCK_XMC4/clock_xmc4_conf.c **** #endif
 153:../Dave/Generated/CLOCK_XMC4/clock_xmc4_conf.c **** 
 154:../Dave/Generated/CLOCK_XMC4/clock_xmc4_conf.c **** }
  83              	 .loc 1 154 0
  84 0042 07B0     	 add sp,sp,#28
  85              	.LCFI2:
  86              	 .cfi_def_cfa_offset 12
  87              	 
  88 0044 30BD     	 pop {r4,r5,pc}
  89              	.L3:
  90 0046 00BF     	 .align 2
  91              	.L2:
  92 0048 00000000 	 .word .LANCHOR0
  93              	 .cfi_endproc
  94              	.LFE184:
  96              	 .global CLOCK_XMC4_0
  97              	 .section .rodata
  98              	 .align 2
  99              	 .set .LANCHOR0,.+0
 100              	.LC0:
 101 0000 50       	 .byte 80
 102 0001 02       	 .byte 2
 103 0002 04       	 .byte 4
 104 0003 01       	 .byte 1
 105 0004 0000     	 .short 0
 106 0006 01       	 .byte 1
 107 0007 00       	 .byte 0
 108 0008 00       	 .byte 0
 109 0009 00       	 .byte 0
 110 000a 0000     	 .space 2
 111 000c 00000100 	 .word 65536
 112 0010 01       	 .byte 1
 113 0011 01       	 .byte 1
 114 0012 01       	 .byte 1
 115 0013 01       	 .byte 1
 116              	 .section .bss.CLOCK_XMC4_0,"aw",%nobits
 119              	CLOCK_XMC4_0:
 120 0000 00       	 .space 1
 121              	 .text
 122              	.Letext0:
 123              	 .file 2 "c:\\program files\\dave_4\\dave-ide-4.4.2-64bit\\eclipse\\arm-gcc-49\\arm-none-eabi\\include\\machine\\_default_types.h"
 124              	 .file 3 "c:\\program files\\dave_4\\dave-ide-4.4.2-64bit\\eclipse\\arm-gcc-49\\arm-none-eabi\\include\\stdint.h"
 125              	 .file 4 "G:/DT/dt_g1_balancing_plate_wise20192020/XMC/Libraries/XMCLib/inc/xmc4_scu.h"
 126              	 .file 5 "../Dave/Generated/CLOCK_XMC4/clock_xmc4.h"
 127              	 .file 6 "G:/DT/dt_g1_balancing_plate_wise20192020/XMC/Libraries/CMSIS/Include/core_cm4.h"
 128              	 .file 7 "G:/DT/dt_g1_balancing_plate_wise20192020/XMC/Libraries/CMSIS/Infineon/XMC4500_series/Include/system_XMC4500.h"
 129              	 .file 8 "G:/DT/dt_g1_balancing_plate_wise20192020/XMC/Libraries/XMCLib/inc/xmc_scu.h"
DEFINED SYMBOLS
                            *ABS*:00000000 clock_xmc4_conf.c
    {standard input}:20     .text.SystemCoreClockSetup:00000000 $t
    {standard input}:25     .text.SystemCoreClockSetup:00000000 SystemCoreClockSetup
    {standard input}:92     .text.SystemCoreClockSetup:00000048 $d
    {standard input}:119    .bss.CLOCK_XMC4_0:00000000 CLOCK_XMC4_0
    {standard input}:98     .rodata:00000000 $d
    {standard input}:120    .bss.CLOCK_XMC4_0:00000000 $d
                     .debug_frame:00000010 $d
                           .group:00000000 wm4.0.ca5ae67a873a4952d630d8e4120b9e3e
                           .group:00000000 wm4.stddef.h.39.daafd3d79fe2f3a84d2d73d7d4e706f8
                           .group:00000000 wm4.features.h.22.bee0aee4a3878f51861c775df98fa3ea
                           .group:00000000 wm4._default_types.h.15.933e8edd27a65e0b69af4a865eb623d2
                           .group:00000000 wm4._intsup.h.10.ca9f32a61b410c270a48d1161ca2c217
                           .group:00000000 wm4.stdint.h.22.f4a337c398d8b6d821a97202448bc0d0
                           .group:00000000 wm4.stdbool.h.29.1c9ee6859ce8145f7838a4f2549ccec2
                           .group:00000000 wm4.newlib.h.8.fe7d912fc917043c98742c35eddd8cff
                           .group:00000000 wm4.config.h.216.aad1ef7bee4fb69981cb38ce62f84d9c
                           .group:00000000 wm4._ansi.h.23.9f8fcfa20193763fcf364fb91705c94b
                           .group:00000000 wm4.lock.h.2.9bc98482741e5e2a9450b12934a684ea
                           .group:00000000 wm4._types.h.54.d3d34a3b7f3cc230cd159baf022b4b08
                           .group:00000000 wm4.stddef.h.158.61317cdbfb4026324507d123a50b0fd6
                           .group:00000000 wm4.reent.h.17.8bd9e4098e0428508c282cad794fae43
                           .group:00000000 wm4.cdefs.h.47.4e89a3f145accdcb1100c37260c088e6
                           .group:00000000 wm4.string.h.15.dab3980bf35408a4c507182805e2de3a
                           .group:00000000 wm4.stddef.h.158.a7efb00f6cbc6f43213b50e183c9830c
                           .group:00000000 wm4.xmc_device.h.65.5c0d35eb1a6853ff8300ab2ec1b944b0
                           .group:00000000 wm4.XMC4500.h.55.9aa45b9b5790506b2dcb963e4e7adeaf
                           .group:00000000 wm4.cmsis_version.h.32.4d5822004c01a829a975260e854b5f8e
                           .group:00000000 wm4.core_cm4.h.66.e4ff136c4a17abc46741866f64f8e729
                           .group:00000000 wm4.cmsis_gcc.h.26.57f124f9262f3dbf77da6a6506ffb430
                           .group:00000000 wm4.core_cm4.h.174.fcddd62df80231752fa39eb9b61dadfe
                           .group:00000000 wm4.mpu_armv7.h.32.4049752bb5792d4e15357775e9506cfc
                           .group:00000000 wm4.system_XMC4500.h.42.99124977c10ca8844a71949adbeabd70
                           .group:00000000 wm4.XMC4500.h.208.b340195df97f067735c4c769ba59985a
                           .group:00000000 wm4.xmc_device.h.1500.3eca65ed9ba7f90e09c1ffcb0b3f5724
                           .group:00000000 wm4.xmc_common.h.98.806f17e888fd51d0e4be2ad115163551
                           .group:00000000 wm4.xmc4_scu.h.113.70a903f8782696023ba1d8628d8ac2d6
                           .group:00000000 wm4.xmc_gpio.h.51.99a4c0bd520ffa931ac6d8600dce89c4
                           .group:00000000 wm4.xmc4_gpio_map.h.77.d73d78de7f4c322ab8caf8e71725793e
                           .group:00000000 wm4.xmc4_gpio.h.79.ce6c49508b5a7769c66e7e3c21dcdfe4
                           .group:00000000 wm4.clock_xmc4_conf.h.59.249296d4aac332e3d32466c2fa9b8708

UNDEFINED SYMBOLS
XMC_SCU_CLOCK_Init
XMC_SCU_HIB_SetRtcClockSource
XMC_SCU_CLOCK_SetUsbClockSource
XMC_SCU_CLOCK_SetUsbClockDivider
XMC_SCU_CLOCK_StartUsbPll
XMC_SCU_CLOCK_SetWdtClockSource
XMC_SCU_CLOCK_SetWdtClockDivider
XMC_SCU_CLOCK_SetEbuClockDivider
